2023-11-21 12:54:27,370 WARNING werkzeug :  * Debugger is active! : 96
2023-11-21 12:54:27,376 INFO werkzeug :  * Debugger PIN: 913-424-029 : 96
2023-11-21 12:55:00,970 INFO werkzeug :  * Detected change in '/Users/digitalhouse/Documents/src/python/udacity-full-stack-software-engineering-nanodegree/knowledge-refresh/flask_base_app_structure/src/utils/logging/custom_logger.py', reloading : 96
2023-11-21 12:55:01,356 WARNING : werkzeug :  * Debugger is active! : 96
2023-11-21 12:55:01,362 INFO : werkzeug :  * Debugger PIN: 913-424-029 : 96
2023-11-21 12:55:29,839 INFO : werkzeug :  * Detected change in '/Users/digitalhouse/Documents/src/python/udacity-full-stack-software-engineering-nanodegree/knowledge-refresh/flask_base_app_structure/src/utils/logging/custom_logger.py', reloading : 96
2023-11-21 12:55:30,220 WARNING : werkzeug: 96 :  * Debugger is active!
2023-11-21 12:55:30,225 INFO : werkzeug: 96 :  * Debugger PIN: 913-424-029
2023-11-21 12:55:55,302 INFO : werkzeug: 96 : [31m[1mWARNING: This is a development server. Do not use it in a production deployment. Use a production WSGI server instead.[0m
 * Running on http://127.0.0.1:5000
2023-11-21 12:55:55,302 INFO : werkzeug: 96 : [33mPress CTRL+C to quit[0m
2023-11-21 12:55:55,303 INFO : werkzeug: 96 :  * Restarting with stat
2023-11-21 12:55:55,595 WARNING : werkzeug: 96 :  * Debugger is active!
2023-11-21 12:55:55,600 INFO : werkzeug: 96 :  * Debugger PIN: 913-424-029
2023-11-21 12:56:08,822 INFO : werkzeug: 96 :  * Detected change in '/Users/digitalhouse/Documents/src/python/udacity-full-stack-software-engineering-nanodegree/knowledge-refresh/flask_base_app_structure/src/utils/logging/custom_logger.py', reloading
2023-11-21 12:56:08,892 INFO : werkzeug: 96 :  * Restarting with stat
2023-11-21 12:56:09,200 : WARNING : werkzeug: 96 :  * Debugger is active!
2023-11-21 12:56:09,206 : INFO : werkzeug: 96 :  * Debugger PIN: 913-424-029
2023-11-21 12:56:24,680 : ERROR : global_logger: 13 : An error occured
2023-11-21 12:56:24,682 : INFO : werkzeug: 96 : 127.0.0.1 - - [21/Nov/2023 12:56:24] "[31m[1mGET /api/v/ HTTP/1.1[0m" 400 -
2023-11-21 12:58:12,254 : INFO : werkzeug: 96 :  * Detected change in '/Users/digitalhouse/Documents/src/python/udacity-full-stack-software-engineering-nanodegree/knowledge-refresh/flask_base_app_structure/src/controllers/error_controller.py', reloading
2023-11-21 12:58:12,322 INFO : werkzeug: 96 :  * Restarting with stat
2023-11-21 12:58:12,626 : WARNING : werkzeug: 96 :  * Debugger is active!
2023-11-21 12:58:12,632 : INFO : werkzeug: 96 :  * Debugger PIN: 913-424-029
2023-11-21 12:58:14,849 : INFO : werkzeug: 96 : 127.0.0.1 - - [21/Nov/2023 12:58:14] "[31m[1mGET /api/v/ HTTP/1.1[0m" 400 -
2023-12-14 12:23:43,465 : INFO : werkzeug: 224 : [31m[1mWARNING: This is a development server. Do not use it in a production deployment. Use a production WSGI server instead.[0m
 * Running on http://127.0.0.1:5000
2023-12-14 12:23:43,465 : INFO : werkzeug: 224 : [33mPress CTRL+C to quit[0m
2023-12-14 12:23:43,465 : INFO : werkzeug: 224 :  * Restarting with stat
2023-12-14 12:23:43,791 : WARNING : werkzeug: 224 :  * Debugger is active!
2023-12-14 12:23:43,799 : INFO : werkzeug: 224 :  * Debugger PIN: 818-189-658
2023-12-21 03:56:52,619 : INFO : werkzeug: 224 : [31m[1mWARNING: This is a development server. Do not use it in a production deployment. Use a production WSGI server instead.[0m
 * Running on http://127.0.0.1:5000
2023-12-21 03:56:52,620 : INFO : werkzeug: 224 : [33mPress CTRL+C to quit[0m
2023-12-21 03:56:52,620 : INFO : werkzeug: 224 :  * Restarting with stat
2023-12-21 03:56:52,877 : WARNING : werkzeug: 224 :  * Debugger is active!
2023-12-21 03:56:52,885 : INFO : werkzeug: 224 :  * Debugger PIN: 818-189-658
2023-12-21 03:57:42,362 : INFO : werkzeug: 224 :  * Detected change in '/Users/digitalhouse/Documents/src/python/udacity-full-stack-software-engineering-nanodegree/knowledge-refresh/flask_base_app_structure/flaskr/__init__.py', reloading
2023-12-21 03:57:42,428 : INFO : werkzeug: 224 :  * Restarting with stat
2023-12-21 03:57:42,697 : WARNING : werkzeug: 224 :  * Debugger is active!
2023-12-21 03:57:42,702 : INFO : werkzeug: 224 :  * Debugger PIN: 351-551-218
2023-12-21 03:58:34,489 : INFO : werkzeug: 224 :  * Detected change in '/Users/digitalhouse/Documents/src/python/udacity-full-stack-software-engineering-nanodegree/knowledge-refresh/flask_base_app_structure/src/utils/generate_id.py', reloading
2023-12-21 03:58:34,568 : INFO : werkzeug: 224 :  * Restarting with stat
2023-12-21 03:58:34,829 : WARNING : werkzeug: 224 :  * Debugger is active!
2023-12-21 03:58:34,835 : INFO : werkzeug: 224 :  * Debugger PIN: 351-551-218
2023-12-21 03:58:45,957 : INFO : werkzeug: 224 :  * Detected change in '/Users/digitalhouse/Documents/src/python/udacity-full-stack-software-engineering-nanodegree/knowledge-refresh/flask_base_app_structure/src/utils/generate_id.py', reloading
2023-12-21 03:58:46,052 : INFO : werkzeug: 224 :  * Restarting with stat
2023-12-21 03:58:46,312 : WARNING : werkzeug: 224 :  * Debugger is active!
2023-12-21 03:58:46,317 : INFO : werkzeug: 224 :  * Debugger PIN: 351-551-218
2023-12-21 03:59:01,534 : INFO : werkzeug: 224 :  * Detected change in '/Users/digitalhouse/Documents/src/python/udacity-full-stack-software-engineering-nanodegree/knowledge-refresh/flask_base_app_structure/src/utils/generate_id.py', reloading
2023-12-21 03:59:01,605 : INFO : werkzeug: 224 :  * Restarting with stat
2023-12-21 03:59:01,865 : WARNING : werkzeug: 224 :  * Debugger is active!
2023-12-21 03:59:01,870 : INFO : werkzeug: 224 :  * Debugger PIN: 351-551-218
2023-12-21 03:59:07,952 : INFO : werkzeug: 224 :  * Detected change in '/Users/digitalhouse/Documents/src/python/udacity-full-stack-software-engineering-nanodegree/knowledge-refresh/flask_base_app_structure/src/utils/generate_id.py', reloading
2023-12-21 03:59:08,014 : INFO : werkzeug: 224 :  * Restarting with stat
2023-12-21 03:59:08,263 : WARNING : werkzeug: 224 :  * Debugger is active!
2023-12-21 03:59:08,268 : INFO : werkzeug: 224 :  * Debugger PIN: 351-551-218
2023-12-21 03:59:25,494 : INFO : werkzeug: 224 :  * Detected change in '/Users/digitalhouse/Documents/src/python/udacity-full-stack-software-engineering-nanodegree/knowledge-refresh/flask_base_app_structure/src/utils/generate_id.py', reloading
2023-12-21 03:59:25,581 : INFO : werkzeug: 224 :  * Restarting with stat
2023-12-21 03:59:25,876 : WARNING : werkzeug: 224 :  * Debugger is active!
2023-12-21 03:59:25,882 : INFO : werkzeug: 224 :  * Debugger PIN: 351-551-218
2023-12-21 03:59:31,980 : INFO : werkzeug: 224 :  * Detected change in '/Users/digitalhouse/Documents/src/python/udacity-full-stack-software-engineering-nanodegree/knowledge-refresh/flask_base_app_structure/src/utils/generate_id.py', reloading
2023-12-21 03:59:32,071 : INFO : werkzeug: 224 :  * Restarting with stat
2023-12-21 03:59:32,327 : WARNING : werkzeug: 224 :  * Debugger is active!
2023-12-21 03:59:32,332 : INFO : werkzeug: 224 :  * Debugger PIN: 351-551-218
2023-12-21 03:59:46,508 : INFO : werkzeug: 224 :  * Detected change in '/Users/digitalhouse/Documents/src/python/udacity-full-stack-software-engineering-nanodegree/knowledge-refresh/flask_base_app_structure/src/utils/generate_id.py', reloading
2023-12-21 03:59:46,598 : INFO : werkzeug: 224 :  * Restarting with stat
2023-12-21 03:59:46,867 : WARNING : werkzeug: 224 :  * Debugger is active!
2023-12-21 03:59:46,872 : INFO : werkzeug: 224 :  * Debugger PIN: 351-551-218
2023-12-21 03:59:56,023 : INFO : werkzeug: 224 :  * Detected change in '/Users/digitalhouse/Documents/src/python/udacity-full-stack-software-engineering-nanodegree/knowledge-refresh/flask_base_app_structure/src/utils/generate_id.py', reloading
2023-12-21 03:59:56,120 : INFO : werkzeug: 224 :  * Restarting with stat
2023-12-21 03:59:56,372 : WARNING : werkzeug: 224 :  * Debugger is active!
2023-12-21 03:59:56,377 : INFO : werkzeug: 224 :  * Debugger PIN: 351-551-218
2023-12-21 04:00:08,563 : INFO : werkzeug: 224 :  * Detected change in '/Users/digitalhouse/Documents/src/python/udacity-full-stack-software-engineering-nanodegree/knowledge-refresh/flask_base_app_structure/src/utils/generate_id.py', reloading
2023-12-21 04:00:08,641 : INFO : werkzeug: 224 :  * Restarting with stat
2023-12-21 04:00:08,900 : WARNING : werkzeug: 224 :  * Debugger is active!
2023-12-21 04:00:08,905 : INFO : werkzeug: 224 :  * Debugger PIN: 351-551-218
2023-12-21 04:04:46,239 : INFO : werkzeug: 224 :  * Detected change in '/Users/digitalhouse/Documents/src/python/udacity-full-stack-software-engineering-nanodegree/knowledge-refresh/flask_base_app_structure/src/utils/generate_id.py', reloading
2023-12-21 04:04:46,318 : INFO : werkzeug: 224 :  * Restarting with stat
2023-12-21 04:04:46,585 : WARNING : werkzeug: 224 :  * Debugger is active!
2023-12-21 04:04:46,590 : INFO : werkzeug: 224 :  * Debugger PIN: 351-551-218
2023-12-21 04:05:30,314 : INFO : werkzeug: 224 :  * Detected change in '/Users/digitalhouse/Documents/src/python/udacity-full-stack-software-engineering-nanodegree/knowledge-refresh/flask_base_app_structure/src/utils/generate_id.py', reloading
2023-12-21 04:05:30,385 : INFO : werkzeug: 224 :  * Restarting with stat
2023-12-21 04:05:30,643 : WARNING : werkzeug: 224 :  * Debugger is active!
2023-12-21 04:05:30,648 : INFO : werkzeug: 224 :  * Debugger PIN: 351-551-218
2023-12-21 04:08:25,766 : INFO : werkzeug: 224 :  * Detected change in '/Users/digitalhouse/Documents/src/python/udacity-full-stack-software-engineering-nanodegree/knowledge-refresh/flask_base_app_structure/src/utils/generate_id.py', reloading
2023-12-21 04:08:25,859 : INFO : werkzeug: 224 :  * Restarting with stat
2023-12-21 04:08:26,124 : WARNING : werkzeug: 224 :  * Debugger is active!
2023-12-21 04:08:26,129 : INFO : werkzeug: 224 :  * Debugger PIN: 818-189-658
2023-12-21 10:47:45,902 : INFO : werkzeug: 224 :  * Detected change in '/Users/digitalhouse/Documents/src/python/udacity-full-stack-software-engineering-nanodegree/knowledge-refresh/flask_base_app_structure/flaskr/__init__.py', reloading
2023-12-21 10:47:45,971 : INFO : werkzeug: 224 :  * Restarting with stat
2023-12-21 10:47:46,389 : WARNING : werkzeug: 224 :  * Debugger is active!
2023-12-21 10:47:46,396 : INFO : werkzeug: 224 :  * Debugger PIN: 818-189-658
2023-12-21 10:49:27,532 : INFO : werkzeug: 224 :  * Detected change in '/Users/digitalhouse/Documents/src/python/udacity-full-stack-software-engineering-nanodegree/knowledge-refresh/flask_base_app_structure/src/database/models/user_model.py', reloading
2023-12-21 10:49:27,596 : INFO : werkzeug: 224 :  * Restarting with stat
2023-12-21 10:49:27,859 : WARNING : werkzeug: 224 :  * Debugger is active!
2023-12-21 10:49:27,864 : INFO : werkzeug: 224 :  * Debugger PIN: 818-189-658
2023-12-21 10:51:12,028 : INFO : werkzeug: 224 :  * Detected change in '/Users/digitalhouse/Documents/src/python/udacity-full-stack-software-engineering-nanodegree/knowledge-refresh/flask_base_app_structure/src/database/models/user_model.py', reloading
2023-12-21 10:51:12,110 : INFO : werkzeug: 224 :  * Restarting with stat
2023-12-21 10:51:12,375 : WARNING : werkzeug: 224 :  * Debugger is active!
2023-12-21 10:51:12,381 : INFO : werkzeug: 224 :  * Debugger PIN: 818-189-658
2023-12-21 10:53:12,571 : INFO : werkzeug: 224 :  * Detected change in '/Users/digitalhouse/Documents/src/python/udacity-full-stack-software-engineering-nanodegree/knowledge-refresh/flask_base_app_structure/src/database/models/user_model.py', reloading
2023-12-21 10:53:12,641 : INFO : werkzeug: 224 :  * Restarting with stat
2023-12-21 10:53:12,919 : WARNING : werkzeug: 224 :  * Debugger is active!
2023-12-21 10:53:12,924 : INFO : werkzeug: 224 :  * Debugger PIN: 818-189-658
2023-12-21 10:56:26,952 : INFO : werkzeug: 224 :  * Detected change in '/Users/digitalhouse/Documents/src/python/udacity-full-stack-software-engineering-nanodegree/knowledge-refresh/flask_base_app_structure/src/database/models/user_model.py', reloading
2023-12-21 10:56:27,036 : INFO : werkzeug: 224 :  * Restarting with stat
2023-12-21 10:56:27,302 : WARNING : werkzeug: 224 :  * Debugger is active!
2023-12-21 10:56:27,307 : INFO : werkzeug: 224 :  * Debugger PIN: 818-189-658
2023-12-21 10:59:27,217 : INFO : werkzeug: 224 :  * Detected change in '/Users/digitalhouse/Documents/src/python/udacity-full-stack-software-engineering-nanodegree/knowledge-refresh/flask_base_app_structure/src/database/models/user_model.py', reloading
2023-12-21 10:59:27,290 : INFO : werkzeug: 224 :  * Restarting with stat
2023-12-21 10:59:27,558 : WARNING : werkzeug: 224 :  * Debugger is active!
2023-12-21 10:59:27,564 : INFO : werkzeug: 224 :  * Debugger PIN: 818-189-658
2023-12-21 10:59:53,827 : INFO : werkzeug: 224 :  * Detected change in '/Users/digitalhouse/Documents/src/python/udacity-full-stack-software-engineering-nanodegree/knowledge-refresh/flask_base_app_structure/src/database/models/user_model.py', reloading
2023-12-21 10:59:53,889 : INFO : werkzeug: 224 :  * Restarting with stat
2023-12-21 10:59:54,157 : WARNING : werkzeug: 224 :  * Debugger is active!
2023-12-21 10:59:54,163 : INFO : werkzeug: 224 :  * Debugger PIN: 818-189-658
2023-12-21 11:37:04,423 : INFO : werkzeug: 224 :  * Detected change in '/Users/digitalhouse/Documents/src/python/udacity-full-stack-software-engineering-nanodegree/knowledge-refresh/flask_base_app_structure/src/database/models/user_model.py', reloading
2023-12-21 11:37:04,481 : INFO : werkzeug: 224 :  * Restarting with stat
2023-12-21 11:37:04,798 : WARNING : werkzeug: 224 :  * Debugger is active!
2023-12-21 11:37:04,804 : INFO : werkzeug: 224 :  * Debugger PIN: 818-189-658
2023-12-21 11:51:15,049 : INFO : werkzeug: 224 :  * Detected change in '/Users/digitalhouse/Documents/src/python/udacity-full-stack-software-engineering-nanodegree/knowledge-refresh/flask_base_app_structure/src/database/models/user_model.py', reloading
2023-12-21 11:51:15,111 : INFO : werkzeug: 224 :  * Restarting with stat
2023-12-21 11:51:15,376 : WARNING : werkzeug: 224 :  * Debugger is active!
2023-12-21 11:51:15,383 : INFO : werkzeug: 224 :  * Debugger PIN: 818-189-658
2023-12-21 11:52:16,016 : INFO : werkzeug: 224 :  * Detected change in '/Users/digitalhouse/Documents/src/python/udacity-full-stack-software-engineering-nanodegree/knowledge-refresh/flask_base_app_structure/src/database/models/user_model.py', reloading
2023-12-21 11:52:16,085 : INFO : werkzeug: 224 :  * Restarting with stat
2023-12-21 11:52:16,355 : WARNING : werkzeug: 224 :  * Debugger is active!
2023-12-21 11:52:16,360 : INFO : werkzeug: 224 :  * Debugger PIN: 818-189-658
2023-12-21 11:53:17,178 : INFO : werkzeug: 224 :  * Detected change in '/Users/digitalhouse/Documents/src/python/udacity-full-stack-software-engineering-nanodegree/knowledge-refresh/flask_base_app_structure/src/database/models/user_model.py', reloading
2023-12-21 11:53:17,250 : INFO : werkzeug: 224 :  * Restarting with stat
2023-12-21 11:53:17,598 : WARNING : werkzeug: 224 :  * Debugger is active!
2023-12-21 11:53:17,604 : INFO : werkzeug: 224 :  * Debugger PIN: 818-189-658
2023-12-21 11:55:53,811 : INFO : werkzeug: 224 :  * Detected change in '/Users/digitalhouse/Documents/src/python/udacity-full-stack-software-engineering-nanodegree/knowledge-refresh/flask_base_app_structure/src/database/models/user_model.py', reloading
2023-12-21 11:55:53,867 : INFO : werkzeug: 224 :  * Restarting with stat
2023-12-21 11:55:54,139 : WARNING : werkzeug: 224 :  * Debugger is active!
2023-12-21 11:55:54,145 : INFO : werkzeug: 224 :  * Debugger PIN: 818-189-658
